Microsoft (R) Macro Assembler Version 6.11		    11/12/24 14:57:16
AluleaA3.asm						     Page 1 - 1


				; Name: Masumbuko Alulea
				; Class: CSC 314
				; Assign: Assignment 3
				; Due: 16th October 2024
				
				; Description:
				; This program gets the current date and shows it as:
				; "Today's European date is: DD-MM-YYYY"
				; It uses DOS Service 2Ah to get the date
				; It uses PutDec to display the date
				
				include pcmac.inc
			      C         .XLIST
			      C         .LIST
			      C 
				
				.MODEL SMALL  ; Small memory model
				.586  ; Target Intel 586 processor
				.STACK 100h  ; Stack size is 256 bytes
				
 0000				.DATA  ; Data section
				
 0000 54 6F 64 61 79 27		message db "Today's European date is: ", '$'  ; Text to show the date
       73 20 45 75 72 6F
       70 65 61 6E 20 64
       61 74 65 20 69 73
       3A 20 24
				
				; Variables to hold date values
 001B 00			month db 0  ; Store the month
 001C 00			day db 0  ; Store the day
 001D 0000			year dw 0  ; Store the year
				
 0000				.CODE  ; Code section
				extrn PutDec:near  ; Use external procedure PutDec
				
 0000				MK PROC  ; Start of the procedure named MK
				
				    _Begin  ; Start the program
 0000  B8 ---- R	     1	        mov     ax, @data
 0003  8E D8		     1	        mov     ds, ax
 0005  8C D3		     1	        mov     bx, ss
 0007  2B D8		     1	        sub     bx, ax
 0009  C1 E3 04		     1	        shl     bx, 4
 000C  8E D0		     1	        mov     ss, ax
 000E  03 E3		     1	        add     sp, bx
				    _PutStr message  ; Show the message
 0010  8D 16 0000 R	     2	        lea     dx, message
 0014  B4 09		     1	        mov     ah, 09h
 0016  CD 21		     1	        int     21h
				
				    ; Get date using DOS Service
 0018  B4 2A			    mov ah, 2Ah  ; Use DOS to get the date
 001A  CD 21			    int 21h  ; Interrupt call
				
				    ; Store the date in variables
 001C  88 36 001B R		    mov [month], dh  ; Store the month in "month"
 0020  88 16 001C R		    mov [day], dl  ; Store the day in "day"
 0024  89 0E 001D R		    mov [year], cx  ; Store the year in "year"
				
				    ; Show day first (European format)
 0028  B6 00			    mov dh, 0  ; Set DH to 0
 002A  8A 16 001C R		    mov dl, [day]  ; Move day to DL
 002E  8B C2			    mov ax, dx  ; Move DX to AX
 0030  E8 0000 E		    call PutDec  ; Show the day
				
				    ; Show '-'
 0033  B4 02			    mov ah, 2  ; Use DOS to show a character
 0035  B2 2D			    mov dl, '-'  ; Set DL to '-'
 0037  CD 21			    int 21h  ; Show the '-'
				
				    ; Show month
 0039  B6 00			    mov dh, 0  ; Set DH to 0
 003B  8A 16 001B R		    mov dl, [month]  ; Move month to DL
 003F  8B C2			    mov ax, dx  ; Move DX to AX
 0041  E8 0000 E		    call PutDec  ; Show the month
				
				    ; Show '-'
 0044  B4 02			    mov ah, 2  ; Use DOS to show a character
 0046  B2 2D			    mov dl, '-'  ; Set DL to '-'
 0048  CD 21			    int 21h  ; Show the '-'
				
				    ; Show year
 004A  A1 001D R		    mov ax, [year]  ; Move year to AX
 004D  E8 0000 E		    call PutDec  ; Show the year
				
				    ; End the program
 0050  B4 4C			    mov ah, 4Ch  ; Use DOS to exit
 0052  CD 21			    int 21h  ; Exit the program
				
				_Exit 0  ; Exit label
 0054  B0 00		     1	        mov     al, 0
 0056  B4 4C		     1	        mov     ah, 4ch
 0058  CD 21		     1	        int     21h
 005A				MK ENDP  ; End of procedure MK
				
				END MK  ; Start execution at MK
Microsoft (R) Macro Assembler Version 6.11		    11/12/24 14:57:16
AluleaA3.asm						     Symbols 2 - 1




Macros:

                N a m e                 Type

???  . . . . . . . . . . . . . .	Proc
_BIOSCh  . . . . . . . . . . . .	Proc
_Begin . . . . . . . . . . . . .	Proc
_Close . . . . . . . . . . . . .	Proc
_Creat . . . . . . . . . . . . .	Proc
_Exit  . . . . . . . . . . . . .	Proc
_GetCh . . . . . . . . . . . . .	Proc
_GetDate . . . . . . . . . . . .	Proc
_GetStr  . . . . . . . . . . . .	Proc
_GetTime . . . . . . . . . . . .	Proc
_LSeek . . . . . . . . . . . . .	Proc
_LdAddr  . . . . . . . . . . . .	Proc
_LdSeg . . . . . . . . . . . . .	Proc
_Open  . . . . . . . . . . . . .	Proc
_PutCh . . . . . . . . . . . . .	Proc
_PutStr  . . . . . . . . . . . .	Proc
_Read  . . . . . . . . . . . . .	Proc
_RsRegs  . . . . . . . . . . . .	Proc
_SaveIntVec  . . . . . . . . . .	Proc
_SetIntVec . . . . . . . . . . .	Proc
_SvRegs  . . . . . . . . . . . .	Proc
_Write . . . . . . . . . . . . .	Proc
sBIOSCh  . . . . . . . . . . . .	Proc
sClose . . . . . . . . . . . . .	Proc
sCreat . . . . . . . . . . . . .	Proc
sExit  . . . . . . . . . . . . .	Proc
sGetCh . . . . . . . . . . . . .	Proc
sGetDate . . . . . . . . . . . .	Proc
sGetStr  . . . . . . . . . . . .	Proc
sGetTime . . . . . . . . . . . .	Proc
sLSeek . . . . . . . . . . . . .	Proc
sOpen  . . . . . . . . . . . . .	Proc
sPutCh . . . . . . . . . . . . .	Proc
sPutStr  . . . . . . . . . . . .	Proc
sRead  . . . . . . . . . . . . .	Proc
sSaveIntVec  . . . . . . . . . .	Proc
sSetIntVec . . . . . . . . . . .	Proc
sWrite . . . . . . . . . . . . .	Proc


Segments and Groups:

                N a m e                 Size     Length   Align   Combine Class

DGROUP . . . . . . . . . . . . .	GROUP
_DATA  . . . . . . . . . . . . .	16 Bit	 001F	  Word	  Public  'DATA'	
STACK  . . . . . . . . . . . . .	16 Bit	 0100	  Para	  Stack	  'STACK'	 
_TEXT  . . . . . . . . . . . . .	16 Bit	 005A	  Word	  Public  'CODE'	


Procedures,  parameters and locals:

                N a m e                 Type     Value    Attr

MK . . . . . . . . . . . . . . .	P Near	 0000	  _TEXT	Length= 005A Private


Symbols:

                N a m e                 Type     Value    Attr

@CodeSize  . . . . . . . . . . .	Number	 0000h	 
@DataSize  . . . . . . . . . . .	Number	 0000h	 
@Interface . . . . . . . . . . .	Number	 0000h	 
@Model . . . . . . . . . . . . .	Number	 0002h	 
@code  . . . . . . . . . . . . .	Text   	 _TEXT
@data  . . . . . . . . . . . . .	Text   	 DGROUP
@fardata?  . . . . . . . . . . .	Text   	 FAR_BSS
@fardata . . . . . . . . . . . .	Text   	 FAR_DATA
@stack . . . . . . . . . . . . .	Text   	 DGROUP
PutDec . . . . . . . . . . . . .	L Near	 0000	  _TEXT	External
day  . . . . . . . . . . . . . .	Byte	 001C	  _DATA	
message  . . . . . . . . . . . .	Byte	 0000	  _DATA	
month  . . . . . . . . . . . . .	Byte	 001B	  _DATA	
year . . . . . . . . . . . . . .	Word	 001D	  _DATA	

	   0 Warnings
	   0 Errors
